<?xml version="1.0" encoding="UTF-8"?>
<!-- Generated by org.testng.reporters.JUnitReportReporter -->
<testsuite skipped="0" hostname="Mirs-MBP-2.fios-router.home" name="com.launch.Basics" tests="1" failures="0" timestamp="2022-07-30T02:06:39 EDT" time="7.368" errors="0">
  <testcase name="basicTesting" time="7.368" classname="com.launch.Basics"/>
  <system-out/>
</testsuite> <!-- com.launch.Basics -->
