<?xml version="1.0" encoding="UTF-8"?>
<!-- Generated by org.testng.reporters.JUnitReportReporter -->
<testsuite skipped="0" hostname="Mirs-MBP-2.fios-router.home" name="com.launch.BasicsTest" tests="1" failures="0" timestamp="2022-07-30T02:38:26 EDT" time="6.762" errors="0">
  <testcase name="basicTesting" time="6.762" classname="com.launch.BasicsTest"/>
  <system-out/>
</testsuite> <!-- com.launch.BasicsTest -->
